Solid Edge translation to FBX
Date: Saturday,March 27,2021 09:52PM
Output File: C:\Users\ericd\UR10TestingProject\Assets\unity fbx\AdjustedParts\ELBOWADJUSTED.fbx
Author: Unknown
Organization: Unknown
Source System: SOLID EDGE

Hardware:
Processor: AMD Ryzen 5 4500U with Radeon Graphics         
Operating System: Windows 10
Installed Memory: 15.37 GB

Software Information:
Parasolid Version: 32.1.222
PSBodyshop Version: 32.1.94
FBX Adapter Version: 5.0.100
Solid Edge Version: 221.00.03.003 x64

FBX Export Options:
Export Construction Solids:Off
Export Displayed Parts:Off
Export Construction Sheets:Off
Enable Logging:On
Export Textures:Off
Export Flatten Assembly:On
Export Construction Solids and Sheets if design bodies not present:Off
Export Units:Centimeters
Export Tolerance Value:1.250000
Export Tolerance Type:Custom
Export Surface Plane Angle Value:0.523599

Translation progress:
Translation process completed
Time required to translate:00 : 00 : 01
